<?xml version="1.0" encoding="UTF-8"?>
<testsuite xmlns:xsi="http://www.w3.org/2001/XMLSchema-instance" xsi:noNamespaceSchemaLocation="https://maven.apache.org/surefire/maven-surefire-plugin/xsd/surefire-test-report.xsd" version="3.0.2" name="app.service.test.CalculoServiceTest" time="18.692" tests="24" errors="0" skipped="0" failures="0">
  <properties>
[...]
</properties>
  <testcase name="testAmplitudeComValoresPositivos" classname="app.service.test.CalculoServiceTest" time="1.865">
    <system-out><![CDATA[19:03:28.004 [main] INFO org.springframework.test.context.support.AnnotationConfigContextLoaderUtils -- Could not detect default configuration classes for test class [app.service.test.CalculoServiceTest]: CalculoServiceTest does not declare any static, non-private, non-final, nested classes annotated with @Configuration.
19:03:28.467 [main] INFO org.springframework.boot.test.context.SpringBootTestContextBootstrapper -- Found @SpringBootConfiguration app.AppMain for test class app.service.test.CalculoServiceTest

  .   ____          _            __ _ _
 /\\ / ___'_ __ _ _(_)_ __  __ _ \ \ \ \
( ( )\___ | '_ | '_| | '_ \/ _` | \ \ \ \
 \\/  ___)| |_)| | | | | || (_| |  ) ) ) )
  '  |____| .__|_| |_|_| |_\__, | / / / /
 =========|_|==============|___/=/_/_/_/

 :: Spring Boot ::                (v3.4.4)

2025-04-24T19:03:30.313-03:00  INFO 13588 --- [demo] [           main] app.service.test.CalculoServiceTest      : Starting CalculoServiceTest using Java 17.0.9 with PID 13588 (started by thiago in C:\Users\thiago\Downloads\calculos_testes-master\calculos_testes-master\demo)
2025-04-24T19:03:30.318-03:00  INFO 13588 --- [demo] [           main] app.service.test.CalculoServiceTest      : No active profile set, falling back to 1 default profile: "default"
2025-04-24T19:03:32.556-03:00  INFO 13588 --- [demo] [           main] .s.d.r.c.RepositoryConfigurationDelegate : Bootstrapping Spring Data JPA repositories in DEFAULT mode.
2025-04-24T19:03:32.749-03:00  INFO 13588 --- [demo] [           main] .s.d.r.c.RepositoryConfigurationDelegate : Finished Spring Data repository scanning in 157 ms. Found 1 JPA repository interface.
2025-04-24T19:03:34.145-03:00  INFO 13588 --- [demo] [           main] o.hibernate.jpa.internal.util.LogHelper  : HHH000204: Processing PersistenceUnitInfo [name: default]
2025-04-24T19:03:34.424-03:00  INFO 13588 --- [demo] [           main] org.hibernate.Version                    : HHH000412: Hibernate ORM core version 6.6.11.Final
2025-04-24T19:03:34.637-03:00  INFO 13588 --- [demo] [           main] o.h.c.internal.RegionFactoryInitiator    : HHH000026: Second-level cache disabled
2025-04-24T19:03:35.929-03:00  INFO 13588 --- [demo] [           main] o.s.o.j.p.SpringPersistenceUnitInfo      : No LoadTimeWeaver setup: ignoring JPA class transformer
2025-04-24T19:03:36.083-03:00  INFO 13588 --- [demo] [           main] com.zaxxer.hikari.HikariDataSource       : HikariPool-1 - Starting...
2025-04-24T19:03:37.400-03:00  INFO 13588 --- [demo] [           main] com.zaxxer.hikari.pool.HikariPool        : HikariPool-1 - Added connection com.mysql.cj.jdbc.ConnectionImpl@3b1e2d5d
2025-04-24T19:03:37.410-03:00  INFO 13588 --- [demo] [           main] com.zaxxer.hikari.HikariDataSource       : HikariPool-1 - Start completed.
2025-04-24T19:03:37.826-03:00  INFO 13588 --- [demo] [           main] org.hibernate.orm.connections.pooling    : HHH10001005: Database info:
	Database JDBC URL [Connecting through datasource 'HikariDataSource (HikariPool-1)']
	Database driver: undefined/unknown
	Database version: 8.0.36
	Autocommit mode: undefined/unknown
	Isolation level: undefined/unknown
	Minimum pool size: undefined/unknown
	Maximum pool size: undefined/unknown
2025-04-24T19:03:41.269-03:00  INFO 13588 --- [demo] [           main] o.h.e.t.j.p.i.JtaPlatformInitiator       : HHH000489: No JTA platform available (set 'hibernate.transaction.jta.platform' to enable JTA platform integration)
2025-04-24T19:03:41.472-03:00  INFO 13588 --- [demo] [           main] j.LocalContainerEntityManagerFactoryBean : Initialized JPA EntityManagerFactory for persistence unit 'default'
2025-04-24T19:03:42.667-03:00  WARN 13588 --- [demo] [           main] JpaBaseConfiguration$JpaWebConfiguration : spring.jpa.open-in-view is enabled by default. Therefore, database queries may be performed during view rendering. Explicitly configure spring.jpa.open-in-view to disable this warning
2025-04-24T19:03:43.917-03:00  INFO 13588 --- [demo] [           main] app.service.test.CalculoServiceTest      : Started CalculoServiceTest in 14.816 seconds (process running for 19.135)
]]></system-out>
  </testcase>
  <testcase name="testAmplitudeTodosIguais" classname="app.service.test.CalculoServiceTest" time="0.007"/>
  <testcase name="testDesvioPadraoComTodosIguais" classname="app.service.test.CalculoServiceTest" time="0.015"/>
  <testcase name="cenario01" classname="app.service.test.CalculoServiceTest" time="0.006"/>
  <testcase name="cenario02" classname="app.service.test.CalculoServiceTest" time="0.009"/>
  <testcase name="cenario03" classname="app.service.test.CalculoServiceTest" time="0.004"/>
  <testcase name="cenario04" classname="app.service.test.CalculoServiceTest" time="0.006"/>
  <testcase name="cenario05" classname="app.service.test.CalculoServiceTest" time="0.003"/>
  <testcase name="testAmplitudeComNegativos" classname="app.service.test.CalculoServiceTest" time="0.003"/>
  <testcase name="testMenorNumeroListaPadrao" classname="app.service.test.CalculoServiceTest" time="0.004"/>
  <testcase name="testMaiorNumeroNegativos" classname="app.service.test.CalculoServiceTest" time="0.003"/>
  <testcase name="testModaUnicoValorFrequente" classname="app.service.test.CalculoServiceTest" time="0.04"/>
  <testcase name="testDesvioPadraoComListaNula" classname="app.service.test.CalculoServiceTest" time="0.012"/>
  <testcase name="testTotalElementosListaPreenchida" classname="app.service.test.CalculoServiceTest" time="0.007"/>
  <testcase name="testTotalElementosListaNula" classname="app.service.test.CalculoServiceTest" time="0.006"/>
  <testcase name="testMaiorNumeroListaPadrao" classname="app.service.test.CalculoServiceTest" time="0.007"/>
  <testcase name="testDesvioPadraoBasico" classname="app.service.test.CalculoServiceTest" time="0.01"/>
  <testcase name="testMenorNumeroTodosIguais" classname="app.service.test.CalculoServiceTest" time="0.006"/>
  <testcase name="testModaComListaVazia" classname="app.service.test.CalculoServiceTest" time="0.006"/>
  <testcase name="testModaComListaNula" classname="app.service.test.CalculoServiceTest" time="0.005"/>
  <testcase name="testModaMultiplosValoresFrequentes" classname="app.service.test.CalculoServiceTest" time="0.005"/>
  <testcase name="testMenorNumeroComZero" classname="app.service.test.CalculoServiceTest" time="0.004"/>
  <testcase name="testMaiorNumeroTodosIguais" classname="app.service.test.CalculoServiceTest" time="0.003"/>
  <testcase name="testTotalElementosListaVazia" classname="app.service.test.CalculoServiceTest" time="0.004"/>
</testsuite>